<?xml version="1.0" encoding="UTF-8"?>
<!-- Generated by org.testng.reporters.JUnitXMLReporter -->
<testsuite hostname="anand-usa" name="Default test" tests="5" failures="0" timestamp="31 Jan 2016 05:14:32 GMT" time="8.513" errors="0">
  <testcase name="OpenBrowser" time="4.267" classname="com.amazon.tests.AmazonLoginTest"/>
  <testcase name="SearchString" time="3.415" classname="com.amazon.tests.AmazonLoginTest"/>
  <testcase name="verifyMenuItem" time="0.632" classname="com.amazon.tests.AmazonLoginTest"/>
  <testcase name="verifyNavXShop" time="0.136" classname="com.amazon.tests.AmazonLoginTest"/>
  <testcase name="verifyShopByDept" time="0.044" classname="com.amazon.tests.AmazonLoginTest"/>
</testsuite> <!-- Default test -->
