<?xml version="1.0" encoding="UTF-8"?>
<testng-results skipped="0" failed="0" total="5" passed="5">
  <reporter-output>
  </reporter-output>
  <suite name="Default suite" duration-ms="8513" started-at="2016-01-31T05:14:24Z" finished-at="2016-01-31T05:14:32Z">
    <groups>
    </groups>
    <test name="Default test" duration-ms="8513" started-at="2016-01-31T05:14:24Z" finished-at="2016-01-31T05:14:32Z">
      <class name="com.amazon.tests.AmazonLoginTest">
        <test-method status="PASS" signature="OpenBrowser()[pri:0, instance:com.amazon.tests.AmazonLoginTest@23c30a20]" name="OpenBrowser" duration-ms="4267" started-at="2016-01-31T00:14:24Z" finished-at="2016-01-31T00:14:28Z">
          <reporter-output>
          </reporter-output>
        </test-method> <!-- OpenBrowser -->
        <test-method status="PASS" signature="SearchString()[pri:0, instance:com.amazon.tests.AmazonLoginTest@23c30a20]" name="SearchString" duration-ms="3415" started-at="2016-01-31T00:14:28Z" finished-at="2016-01-31T00:14:31Z">
          <reporter-output>
          </reporter-output>
        </test-method> <!-- SearchString -->
        <test-method status="PASS" signature="verifyMenuItem()[pri:0, instance:com.amazon.tests.AmazonLoginTest@23c30a20]" name="verifyMenuItem" duration-ms="632" started-at="2016-01-31T00:14:31Z" finished-at="2016-01-31T00:14:32Z">
          <reporter-output>
          </reporter-output>
        </test-method> <!-- verifyMenuItem -->
        <test-method status="PASS" signature="verifyNavXShop()[pri:0, instance:com.amazon.tests.AmazonLoginTest@23c30a20]" name="verifyNavXShop" duration-ms="136" started-at="2016-01-31T00:14:32Z" finished-at="2016-01-31T00:14:32Z">
          <reporter-output>
          </reporter-output>
        </test-method> <!-- verifyNavXShop -->
        <test-method status="PASS" signature="verifyShopByDept()[pri:0, instance:com.amazon.tests.AmazonLoginTest@23c30a20]" name="verifyShopByDept" duration-ms="44" started-at="2016-01-31T00:14:32Z" finished-at="2016-01-31T00:14:32Z">
          <reporter-output>
          </reporter-output>
        </test-method> <!-- verifyShopByDept -->
      </class> <!-- com.amazon.tests.AmazonLoginTest -->
    </test> <!-- Default test -->
  </suite> <!-- Default suite -->
</testng-results>
